No progress file found, starting from scratch.
Resuming extraction. 0 PDFs already processed. 675 PDFs remaining.
Resuming extraction. 26 PDFs already processed. 649 PDFs remaining.
Error processing 12_History_h_BhartiyaItihaasVishay24.pdf: Unable to get page count. Is poppler installed and in PATH?
Error processing 11_Economics_h_BhartiyaArthvyasthaVikas5.pdf: Unable to get page count. Is poppler installed and in PATH?
Error processing 6_Science_h_Jigyasa10.pdf: Unable to get page count. Is poppler installed and in PATH?
Error processing 12_History_h_BhartiyaItihaasVishay13.pdf: Unable to get page count. Is poppler installed and in PATH?
Error processing 6_SocialScience_h_6.pdf: Unable to get page count. Is poppler installed and in PATH?
Error processing 10_Science_h_Vigyan11.pdf: Unable to get page count. Is poppler installed and in PATH?
Error processing 12_Geography_h_Prayogatmak1.pdf: Unable to get page count. Is poppler installed and in PATH?
Error processing 11_History_h_VishwaItihaasVishay6.pdf: Unable to get page count. Is poppler installed and in PATH?
Error processing 6_SocialScience_h_2.pdf: Unable to get page count. Is poppler installed and in PATH?
Error processing 9_Science_h_Vigyan3.pdf: Unable to get page count. Is poppler installed and in PATH?
Error processing 11_Geography_h_BhautiqueBhugolMoolSidhant1.pdf: Unable to get page count. Is poppler installed and in PATH?
Error processing 11_Geography_h_BhautiqueBhugolMoolSidhant3.pdf: Unable to get page count. Is poppler installed and in PATH?
Error processing 9_SocialScience_h_Arthashastra1.pdf: Unable to get page count. Is poppler installed and in PATH?
Error processing 7_Science_h_Vigyan9.pdf: Unable to get page count. Is poppler installed and in PATH?
Error processing 12_History_h_BhartiyaItihaasVishay14.pdf: Unable to get page count. Is poppler installed and in PATH?
Error processing 11_Geography_h_BhautiqueBhugolMoolSidhant10.pdf: Unable to get page count. Is poppler installed and in PATH?
Error processing 11_Geography_h_Prayogatmak3.pdf: Unable to get page count. Is poppler installed and in PATH?
Error processing 10_SocialScience_h_SamkalinBharat3.pdf: Unable to get page count. Is poppler installed and in PATH?
Error processing 12_Geography_h_BharatLogArtvyastha4.pdf: Unable to get page count. Is poppler installed and in PATH?
Error processing 11_Geography_h_BhautiqueBhugolMoolSidhant13.pdf: Unable to get page count. Is poppler installed and in PATH?
Error processing 9_Science_h_Vigyan12.pdf: Unable to get page count. Is poppler installed and in PATH?
Error processing 11_Geography_h_Prayogatmak2.pdf: Unable to get page count. Is poppler installed and in PATH?
Error processing 12_History_h_BhartiyaItihaasVishay33.pdf: Unable to get page count. Is poppler installed and in PATH?
Error processing 12_PoliticalScience_h_SwatantraBharatRajniti4.pdf: Unable to get page count. Is poppler installed and in PATH?
Error processing 12_FineArt_h_BhartiyaKala parichay2.pdf: Unable to get page count. Is poppler installed and in PATH?
Error processing 9_Science_h_Vigyan1.pdf: Unable to get page count. Is poppler installed and in PATH?
Error processing 11_PoliticalScience_h_Sambhidan6.pdf: Unable to get page count. Is poppler installed and in PATH?
Error processing 8_Science_h_Vigyan10.pdf: Unable to get page count. Is poppler installed and in PATH?
Error processing 7_SocialScience_h_SamajikRajneetiJeevan2.pdf: Unable to get page count. Is poppler installed and in PATH?
Error processing 11_Sociology_h_SamajBodh3.pdf: Unable to get page count. Is poppler installed and in PATH?
Error processing 8_Science_h_Vigyan4.pdf: Unable to get page count. Is poppler installed and in PATH?
Error processing 11_PoliticalScience_h_RajneetiShastra6.pdf: Unable to get page count. Is poppler installed and in PATH?
Error processing 11_FineArt_h_BhartiyaKala parichay6.pdf: Unable to get page count. Is poppler installed and in PATH?
Error processing 11_PoliticalScience_h_Sambhidan1.pdf: Unable to get page count. Is poppler installed and in PATH?
Error processing 8_SocialScience_h_SamajikRajneetiJeevan2.pdf: Unable to get page count. Is poppler installed and in PATH?
Error processing 12_Geography_h_BharatLogArtvyastha3.pdf: Unable to get page count. Is poppler installed and in PATH?
Error processing 11_PoliticalScience_h_Sambhidan8.pdf: Unable to get page count. Is poppler installed and in PATH?
Error processing 11_PoliticalScience_h_RajneetiShastra1.pdf: Unable to get page count. Is poppler installed and in PATH?
Error processing 11_PoliticalScience_h_Sambhidan10.pdf: Unable to get page count. Is poppler installed and in PATH?
Error processing 6_SocialScience_h_11.pdf: Unable to get page count. Is poppler installed and in PATH?
Error processing 10_SocialScience_h_LoktantrikRajneeti5.pdf: Unable to get page count. Is poppler installed and in PATH?
Error processing 7_Science_h_Vigyan2.pdf: Unable to get page count. Is poppler installed and in PATH?
Error processing 12_FineArt_h_BhartiyaKala parichay6.pdf: Unable to get page count. Is poppler installed and in PATH?
Error processing 12_History_h_BhartiyaItihaasVishay12.pdf: Unable to get page count. Is poppler installed and in PATH?
Error processing 11_History_h_VishwaItihaasVishay4.pdf: Unable to get page count. Is poppler installed and in PATH?
Error processing 6_SocialScience_h_8.pdf: Unable to get page count. Is poppler installed and in PATH?
Error processing 11_PoliticalScience_h_Sambhidan5.pdf: Unable to get page count. Is poppler installed and in PATH?
Error processing 12_History_h_BhartiyaItihaasVishay34.pdf: Unable to get page count. Is poppler installed and in PATH?
Error processing 12_Sociology_h_BharatSamajikParivartanVikas4.pdf: Unable to get page count. Is poppler installed and in PATH?
Error processing 9_Science_h_Vigyan4.pdf: Unable to get page count. Is poppler installed and in PATH?
Error processing 12_Sociology_h_BhartiyaSamaj1.pdf: Unable to get page count. Is poppler installed and in PATH?
Error processing 11_Economics_h_Sankhyiki5.pdf: Unable to get page count. Is poppler installed and in PATH?
Error processing 12_Sociology_h_BhartiyaSamaj5.pdf: Unable to get page count. Is poppler installed and in PATH?
Error processing 10_SocialScience_h_Arthashastra2.pdf: Unable to get page count. Is poppler installed and in PATH?
Error processing 10_SocialScience_h_SamkalinBharat2.pdf: Unable to get page count. Is poppler installed and in PATH?
Error processing 8_Science_h_Vigyan6.pdf: Unable to get page count. Is poppler installed and in PATH?
Error processing 10_Science_h_Vigyan2.pdf: Unable to get page count. Is poppler installed and in PATH?
Error processing 11_FineArt_h_BhartiyaKala parichay8.pdf: Unable to get page count. Is poppler installed and in PATH?
Error processing 12_Sociology_h_BhartiyaSamaj7.pdf: Unable to get page count. Is poppler installed and in PATH?
Error processing 11_Geography_h_Prayogatmak5.pdf: Unable to get page count. Is poppler installed and in PATH?
Error processing 6_Science_h_Jigyasa7.pdf: Unable to get page count. Is poppler installed and in PATH?
Error processing 11_Geography_h_BharatBhautikParyabaran1.pdf: Unable to get page count. Is poppler installed and in PATH?
Error processing 10_SocialScience_h_SamkalinBharat4.pdf: Unable to get page count. Is poppler installed and in PATH?
Error processing 11_History_h_VishwaItihaasVishay3.pdf: Unable to get page count. Is poppler installed and in PATH?
Error processing 12_Biology_h_JeevVigyan2.pdf: Unable to get page count. Is poppler installed and in PATH?
Error processing 8_SocialScience_h_SamajikRajneetiJeevan6.pdf: Unable to get page count. Is poppler installed and in PATH?
Error processing 8_SocialScience_h_SamajikRajneetiJeevan8.pdf: Unable to get page count. Is poppler installed and in PATH?
Error processing 11_Geography_h_BhautiqueBhugolMoolSidhant7.pdf: Unable to get page count. Is poppler installed and in PATH?
Error processing 10_Science_h_Vigyan1.pdf: Unable to get page count. Is poppler installed and in PATH?
Error processing 11_Geography_h_BhautiqueBhugolMoolSidhant14.pdf: Unable to get page count. Is poppler installed and in PATH?
Error processing 9_SocialScience_h_SamkalinBharat2.pdf: Unable to get page count. Is poppler installed and in PATH?
Error processing 8_SocialScience_h_Ateet1.pdf: Unable to get page count. Is poppler installed and in PATH?Error processing 12_Sociology_h_BharatSamajikParivartanVikas3.pdf: Unable to get page count. Is poppler installed and in PATH?
Error processing 10_SocialScience_h_BharatSamkalinVishwa4.pdf: Unable to get page count. Is poppler installed and in PATH?
Error processing 11_Geography_h_BhautiqueBhugolMoolSidhant5.pdf: Unable to get page count. Is poppler installed and in PATH?
Error processing 11_Economics_h_BhartiyaArthvyasthaVikas7.pdf: Unable to get page count. Is poppler installed and in PATH?
Error processing 6_Science_h_Jigyasa11.pdf: Unable to get page count. Is poppler installed and in PATH?
Error processing 6_Science_h_Jigyasa8.pdf: Unable to get page count. Is poppler installed and in PATH?
Error processing 12_Geography_h_BharatLogArtvyastha6.pdf: Unable to get page count. Is poppler installed and in PATH?
Error processing 12_PoliticalScience_h_SamkalinVishwaRajniti6.pdf: Unable to get page count. Is poppler installed and in PATH?
Error processing 7_Science_h_Vigyan6.pdf: Unable to get page count. Is poppler installed and in PATH?
Error processing 12_FineArt_h_BhartiyaKala parichay5.pdf: Unable to get page count. Is poppler installed and in PATH?
Error processing 8_SocialScience_h_SansadhanVikas4.pdf: Unable to get page count. Is poppler installed and in PATH?
Error processing 6_SocialScience_h_3.pdf: Unable to get page count. Is poppler installed and in PATH?
Error processing 6_SocialScience_h_7.pdf: Unable to get page count. Is poppler installed and in PATH?
Error processing 11_Economics_h_BhartiyaArthvyasthaVikas3.pdf: Unable to get page count. Is poppler installed and in PATH?
Error processing 8_Science_h_Vigyan2.pdf: Unable to get page count. Is poppler installed and in PATH?
Error processing 10_SocialScience_h_LoktantrikRajneeti4.pdf: Unable to get page count. Is poppler installed and in PATH?
Error processing 11_FineArt_h_BhartiyaKala parichay5.pdf: Unable to get page count. Is poppler installed and in PATH?
Error processing 12_FineArt_h_BhartiyaKala parichay4.pdf: Unable to get page count. Is poppler installed and in PATH?
Error processing 12_FineArt_h_BhartiyaKala parichay8.pdf: Unable to get page count. Is poppler installed and in PATH?
Error processing 12_Economics_h_Vyashti3.pdf: Unable to get page count. Is poppler installed and in PATH?
Error processing 7_Science_h_Vigyan3.pdf: Unable to get page count. Is poppler installed and in PATH?
Error processing 12_Biology_h_JeevVigyan1.pdf: Unable to get page count. Is poppler installed and in PATH?
Error processing 7_SocialScience_h_Ateet2.pdf: Unable to get page count. Is poppler installed and in PATH?
Error processing 11_Geography_h_BhautiqueBhugolMoolSidhant11.pdf: Unable to get page count. Is poppler installed and in PATH?
Error processing 10_SocialScience_h_SamkalinBharat6.pdf: Unable to get page count. Is poppler installed and in PATH?
Error processing 11_Geography_h_BhautiqueBhugolMoolSidhant8.pdf: Unable to get page count. Is poppler installed and in PATH?
Error processing 12_History_h_BhartiyaItihaasVishay11.pdf: Unable to get page count. Is poppler installed and in PATH?
Error processing 10_Science_h_Vigyan13.pdf: Unable to get page count. Is poppler installed and in PATH?
Error processing 8_SocialScience_h_Ateet7.pdf: Unable to get page count. Is poppler installed and in PATH?
Error processing 12_Geography_h_ManavBhugolSidhant4.pdf: Unable to get page count. Is poppler installed and in PATH?
Error processing 7_Science_h_Vigyan11.pdf: Unable to get page count. Is poppler installed and in PATH?
Error processing 11_Economics_h_BhartiyaArthvyasthaVikas1.pdf: Unable to get page count. Is poppler installed and in PATH?
Error processing 12_Geography_h_ManavBhugolSidhant1.pdf: Unable to get page count. Is poppler installed and in PATH?
Error processing 11_FineArt_h_BhartiyaKala parichay4.pdf: Unable to get page count. Is poppler installed and in PATH?
Error processing 12_History_h_BhartiyaItihaasVishay21.pdf: Unable to get page count. Is poppler installed and in PATH?
Error processing 12_Biology_h_JeevVigyan3.pdf: Unable to get page count. Is poppler installed and in PATH?
Error processing 12_History_h_BhartiyaItihaasVishay32.pdf: Unable to get page count. Is poppler installed and in PATH?
Error processing 12_PoliticalScience_h_SamkalinVishwaRajniti7.pdf: Unable to get page count. Is poppler installed and in PATH?
Error processing 11_Sociology_h_SamajParichay2.pdf: Unable to get page count. Is poppler installed and in PATH?
Error processing 10_SocialScience_h_LoktantrikRajneeti1.pdf: Unable to get page count. Is poppler installed and in PATH?
Error processing 9_Science_h_Vigyan7.pdf: Unable to get page count. Is poppler installed and in PATH?
Error processing 11_PoliticalScience_h_Sambhidan7.pdf: Unable to get page count. Is poppler installed and in PATH?
Error processing 7_Science_h_Vigyan7.pdf: Unable to get page count. Is poppler installed and in PATH?
Error processing 8_Science_h_Vigyan7.pdf: Unable to get page count. Is poppler installed and in PATH?
Error processing 7_SocialScience_h_SamajikRajneetiJeevan3.pdf: Unable to get page count. Is poppler installed and in PATH?
Error processing 12_PoliticalScience_h_SwatantraBharatRajniti3.pdf: Unable to get page count. Is poppler installed and in PATH?
Error processing 12_PoliticalScience_h_SamkalinVishwaRajniti5.pdf: Unable to get page count. Is poppler installed and in PATH?
Error processing 11_PoliticalScience_h_RajneetiShastra7.pdf: Unable to get page count. Is poppler installed and in PATH?
Error processing 10_SocialScience_h_BharatSamkalinVishwa3.pdf: Unable to get page count. Is poppler installed and in PATH?
Error processing 10_SocialScience_h_SamkalinBharat1.pdf: Unable to get page count. Is poppler installed and in PATH?
Error processing 11_Economics_h_BhartiyaArthvyasthaVikas4.pdf: Unable to get page count. Is poppler installed and in PATH?
Error processing 9_Science_h_Vigyan11.pdf: Unable to get page count. Is poppler installed and in PATH?
Error processing 11_Sociology_h_SamajParichay3.pdf: Unable to get page count. Is poppler installed and in PATH?
Error processing 7_SocialScience_h_Ateet4.pdf: Unable to get page count. Is poppler installed and in PATH?
Error processing 8_SocialScience_h_SamajikRajneetiJeevan3.pdf: Unable to get page count. Is poppler installed and in PATH?
Error processing 10_SocialScience_h_BharatSamkalinVishwa5.pdf: Unable to get page count. Is poppler installed and in PATH?
Error processing 9_SocialScience_h_LoktantrikRajneeti1.pdf: Unable to get page count. Is poppler installed and in PATH?
Error processing 11_Geography_h_BhautiqueBhugolMoolSidhant12.pdf: Unable to get page count. Is poppler installed and in PATH?
Error processing 12_FineArt_h_BhartiyaKala parichay1.pdf: Unable to get page count. Is poppler installed and in PATH?
Error processing 8_Science_h_Vigyan3.pdf: Unable to get page count. Is poppler installed and in PATH?
Error processing 10_Science_h_Vigyan10.pdf: Unable to get page count. Is poppler installed and in PATH?
Error processing 7_SocialScience_h_Ateet8.pdf: Unable to get page count. Is poppler installed and in PATH?
Error processing 11_PoliticalScience_h_RajneetiShastra2.pdf: Unable to get page count. Is poppler installed and in PATH?
Error processing 8_SocialScience_h_Ateet6.pdf: Unable to get page count. Is poppler installed and in PATH?
Error processing 12_PoliticalScience_h_SwatantraBharatRajniti6.pdf: Unable to get page count. Is poppler installed and in PATH?
Error processing 10_SocialScience_h_BharatSamkalinVishwa2.pdf: Unable to get page count. Is poppler installed and in PATH?
Error processing 12_PoliticalScience_h_SwatantraBharatRajniti7.pdf: Unable to get page count. Is poppler installed and in PATH?
Error processing 8_Science_h_Vigyan9.pdf: Unable to get page count. Is poppler installed and in PATH?
Error processing 7_SocialScience_h_Paryavaran5.pdf: Unable to get page count. Is poppler installed and in PATH?
Error processing 12_History_h_BhartiyaItihaasVishay22.pdf: Unable to get page count. Is poppler installed and in PATH?
Error processing 12_Geography_h_ManavBhugolSidhant2.pdf: Unable to get page count. Is poppler installed and in PATH?
Error processing 12_Geography_h_ManavBhugolSidhant6.pdf: Unable to get page count. Is poppler installed and in PATH?
Error processing 11_Economics_h_Sankhyiki7.pdf: Unable to get page count. Is poppler installed and in PATH?
Error processing 11_Geography_h_Prayogatmak4.pdf: Unable to get page count. Is poppler installed and in PATH?
Error processing 7_SocialScience_h_Ateet3.pdf: Unable to get page count. Is poppler installed and in PATH?
Error processing 11_Geography_h_BhautiqueBhugolMoolSidhant6.pdf: Unable to get page count. Is poppler installed and in PATH?
Error processing 10_SocialScience_h_Arthashastra5.pdf: Unable to get page count. Is poppler installed and in PATH?
Error processing 12_Geography_h_BharatLogArtvyastha5.pdf: Unable to get page count. Is poppler installed and in PATH?
Error processing 11_Sociology_h_SamajParichay1.pdf: Unable to get page count. Is poppler installed and in PATH?
Error processing 11_Geography_h_BhautiqueBhugolMoolSidhant4.pdf: Unable to get page count. Is poppler installed and in PATH?
Error processing 11_Economics_h_Sankhyiki1.pdf: Unable to get page count. Is poppler installed and in PATH?
Error processing 10_Science_h_Vigyan5.pdf: Unable to get page count. Is poppler installed and in PATH?
Error processing 9_SocialScience_h_LoktantrikRajneeti5.pdf: Unable to get page count. Is poppler installed and in PATH?
Error processing 6_SocialScience_h_4.pdf: Unable to get page count. Is poppler installed and in PATH?
Error processing 9_Science_h_Vigyan9.pdf: Unable to get page count. Is poppler installed and in PATH?
Error processing 11_Economics_h_Sankhyiki8.pdf: Unable to get page count. Is poppler installed and in PATH?
Error processing 10_Science_h_Vigyan4.pdf: Unable to get page count. Is poppler installed and in PATH?
Error processing 12_Sociology_h_BharatSamajikParivartanVikas5.pdf: Unable to get page count. Is poppler installed and in PATH?
Error processing 6_Science_h_Jigyasa9.pdf: Unable to get page count. Is poppler installed and in PATH?
Error processing 6_Science_h_Jigyasa2.pdf: Unable to get page count. Is poppler installed and in PATH?
Error processing 12_Economics_h_Samshty1.pdf: Unable to get page count. Is poppler installed and in PATH?
Error processing 10_Science_h_Vigyan8.pdf: Unable to get page count. Is poppler installed and in PATH?
Error processing 8_SocialScience_h_Ateet4.pdf: Unable to get page count. Is poppler installed and in PATH?
Error processing 12_PoliticalScience_h_SwatantraBharatRajniti8.pdf: Unable to get page count. Is poppler installed and in PATH?
Error processing 11_Economics_h_Sankhyiki6.pdf: Unable to get page count. Is poppler installed and in PATH?
Error processing 6_Science_h_Jigyasa5.pdf: Unable to get page count. Is poppler installed and in PATH?
Error processing 11_History_h_VishwaItihaasVishay7.pdf: Unable to get page count. Is poppler installed and in PATH?
Error processing 11_Sociology_h_SamajBodh5.pdf: Unable to get page count. Is poppler installed and in PATH?
Error processing 8_Science_h_Vigyan1.pdf: Unable to get page count. Is poppler installed and in PATH?
Error processing 6_SocialScience_h_13.pdf: Unable to get page count. Is poppler installed and in PATH?
Error processing 9_SocialScience_h_LoktantrikRajneeti3.pdf: Unable to get page count. Is poppler installed and in PATH?
Error processing 10_Science_h_Vigyan12.pdf: Unable to get page count. Is poppler installed and in PATH?
Error processing 11_Geography_h_BharatBhautikParyabaran3.pdf: Unable to get page count. Is poppler installed and in PATH?
Error processing 7_SocialScience_h_SamajikRajneetiJeevan4.pdf: Unable to get page count. Is poppler installed and in PATH?
Error processing 10_SocialScience_h_SamkalinBharat7.pdf: Unable to get page count. Is poppler installed and in PATH?
Error processing 7_SocialScience_h_Paryavaran4.pdf: Unable to get page count. Is poppler installed and in PATH?
Error processing 7_SocialScience_h_Paryavaran7.pdf: Unable to get page count. Is poppler installed and in PATH?
Error processing 12_Sociology_h_BharatSamajikParivartanVikas8.pdf: Unable to get page count. Is poppler installed and in PATH?
Error processing 11_Sociology_h_SamajBodh4.pdf: Unable to get page count. Is poppler installed and in PATH?
Error processing 7_Science_h_Vigyan12.pdf: Unable to get page count. Is poppler installed and in PATH?
Error processing 11_Geography_h_Prayogatmak1.pdf: Unable to get page count. Is poppler installed and in PATH?
Error processing 10_SocialScience_h_Arthashastra4.pdf: Unable to get page count. Is poppler installed and in PATH?
Error processing 11_Economics_h_BhartiyaArthvyasthaVikas2.pdf: Unable to get page count. Is poppler installed and in PATH?
Error processing 11_Sociology_h_SamajBodh1.pdf: Unable to get page count. Is poppler installed and in PATH?
Error processing 12_Sociology_h_BharatSamajikParivartanVikas6.pdf: Unable to get page count. Is poppler installed and in PATH?
Error processing 8_SocialScience_h_SamajikRajneetiJeevan1.pdf: Unable to get page count. Is poppler installed and in PATH?
Error processing 11_PoliticalScience_h_Sambhidan2.pdf: Unable to get page count. Is poppler installed and in PATH?
Error processing 8_Science_h_Vigyan8.pdf: Unable to get page count. Is poppler installed and in PATH?
Error processing 9_SocialScience_h_BharatSamkalinVishwa2.pdf: Unable to get page count. Is poppler installed and in PATH?
Error processing 10_Science_e_Science4.pdf: Invalid Elementary Object starting with b'\x0c' @1740309: b'\r\x00DI\r\x00DH\r\x00CG\r\x00BF\r\x00AE\x0c\x00AE\x0c\x00@D\x0c\x00?C\x0c\x00?B\x0c\x00?B\x0c\x00>A\x0c\x00=@\x0c\x00<>\x0c\x00<>\x0c\x00<>\x0c\x00;<\x0c\x00;<\x0c\x00;;\x0c\x00:;\x0c\x00:;'
Error processing 12_Economics_h_Samshty6.pdf: Unable to get page count. Is poppler installed and in PATH?
Error processing 9_SocialScience_h_Arthashastra4.pdf: Unable to get page count. Is poppler installed and in PATH?
Error processing 8_SocialScience_h_SamajikRajneetiJeevan7.pdf: Unable to get page count. Is poppler installed and in PATH?
Error processing 9_Science_h_Vigyan10.pdf: Unable to get page count. Is poppler installed and in PATH?
Error processing 9_SocialScience_h_BharatSamkalinVishwa4.pdf: Unable to get page count. Is poppler installed and in PATH?
Error processing 11_PoliticalScience_h_RajneetiShastra3.pdf: Unable to get page count. Is poppler installed and in PATH?
Error processing 7_SocialScience_h_Ateet5.pdf: Unable to get page count. Is poppler installed and in PATH?
Error processing 7_SocialScience_h_SamajikRajneetiJeevan7.pdf: Unable to get page count. Is poppler installed and in PATH?
Error processing 11_FineArt_h_BhartiyaKala parichay2.pdf: Unable to get page count. Is poppler installed and in PATH?
Error processing 11_PoliticalScience_h_Sambhidan4.pdf: Unable to get page count. Is poppler installed and in PATH?
Error processing 10_Science_h_Vigyan3.pdf: Unable to get page count. Is poppler installed and in PATH?
Error processing 11_FineArt_h_BhartiyaKala parichay3.pdf: Unable to get page count. Is poppler installed and in PATH?
Error processing 8_SocialScience_h_SansadhanVikas1.pdf: Unable to get page count. Is poppler installed and in PATH?
Error processing 6_SocialScience_h_10.pdf: Unable to get page count. Is poppler installed and in PATH?
Error processing 9_Science_h_Vigyan5.pdf: Unable to get page count. Is poppler installed and in PATH?
Error processing 12_Sociology_h_BhartiyaSamaj2.pdf: Unable to get page count. Is poppler installed and in PATH?
Error processing 12_Biology_e_2.pdf: Invalid Elementary Object starting with b'\xd4' @2669637: b'\x04\x07\x00\x00\x15\x0b\x00\x00-\x1a\x00\x00 \x14\x00\x00EI\x009\xd4\xa8\x1f;\x92\x88\x1c\x87\xcc\xb6E\x95\xd3\xadOX\xcb\x9a/\x05\x08\x08\x00\nEI Q\nQ\nq\n0.24 0 0 0.24 0 0 cm\n2107.4'
Error processing 11_Geography_h_Prayogatmak6.pdf: Unable to get page count. Is poppler installed and in PATH?
Error processing 11_Geography_h_BharatBhautikParyabaran5.pdf: Unable to get page count. Is poppler installed and in PATH?
Error processing 9_SocialScience_h_SamkalinBharat5.pdf: Unable to get page count. Is poppler installed and in PATH?
Error processing 9_SocialScience_h_BharatSamkalinVishwa5.pdf: Unable to get page count. Is poppler installed and in PATH?
Error processing 11_Economics_h_Sankhyiki4.pdf: Unable to get page count. Is poppler installed and in PATH?
Error processing 12_PoliticalScience_h_SamkalinVishwaRajniti3.pdf: Unable to get page count. Is poppler installed and in PATH?
Error processing 12_Sociology_h_BhartiyaSamaj3.pdf: Unable to get page count. Is poppler installed and in PATH?
Error processing 12_Economics_h_Samshty2.pdf: Unable to get page count. Is poppler installed and in PATH?
Error processing 11_Economics_h_Sankhyiki3.pdf: Unable to get page count. Is poppler installed and in PATH?
Error processing 7_SocialScience_h_Ateet6.pdf: Unable to get page count. Is poppler installed and in PATH?
Error processing 12_Geography_h_ManavBhugolSidhant3.pdf: Unable to get page count. Is poppler installed and in PATH?
Error processing 11_Sociology_h_SamajParichay5.pdf: Unable to get page count. Is poppler installed and in PATH?
Error processing 10_Science_h_Vigyan7.pdf: Unable to get page count. Is poppler installed and in PATH?
Error processing 6_Science_h_Jigyasa1.pdf: Unable to get page count. Is poppler installed and in PATH?
Error processing 12_Geography_h_ManavBhugolSidhant5.pdf: Unable to get page count. Is poppler installed and in PATH?
Error processing 12_Economics_h_Vyashti1.pdf: Unable to get page count. Is poppler installed and in PATH?
Error processing 11_Geography_h_BharatBhautikParyabaran2.pdf: Unable to get page count. Is poppler installed and in PATH?
Error processing 8_Science_h_Vigyan11.pdf: Unable to get page count. Is poppler installed and in PATH?
Error processing 7_Science_h_Vigyan5.pdf: Unable to get page count. Is poppler installed and in PATH?
Error processing 12_Sociology_h_BharatSamajikParivartanVikas1.pdf: Unable to get page count. Is poppler installed and in PATH?
Error processing 11_Sociology_h_SamajBodh2.pdf: Unable to get page count. Is poppler installed and in PATH?
Error processing 11_PoliticalScience_h_RajneetiShastra4.pdf: Unable to get page count. Is poppler installed and in PATH?
Error processing 11_PoliticalScience_h_RajneetiShastra8.pdf: Unable to get page count. Is poppler installed and in PATH?
Error processing 12_PoliticalScience_h_SwatantraBharatRajniti2.pdf: Unable to get page count. Is poppler installed and in PATH?
Error processing 10_SocialScience_h_Arthashastra3.pdf: Unable to get page count. Is poppler installed and in PATH?
Error processing 10_Science_h_Vigyan9.pdf: Unable to get page count. Is poppler installed and in PATH?
Error processing 11_History_h_VishwaItihaasVishay2.pdf: Unable to get page count. Is poppler installed and in PATH?
Error processing 12_History_h_BhartiyaItihaasVishay31.pdf: Unable to get page count. Is poppler installed and in PATH?
Error processing 12_Economics_h_Samshty3.pdf: Unable to get page count. Is poppler installed and in PATH?
Error processing 12_PoliticalScience_h_SamkalinVishwaRajniti2.pdf: Unable to get page count. Is poppler installed and in PATH?
Error processing 12_Geography_h_BharatLogArtvyastha9.pdf: Unable to get page count. Is poppler installed and in PATH?
Error processing 12_FineArt_h_BhartiyaKala parichay7.pdf: Unable to get page count. Is poppler installed and in PATH?
Error processing 12_PoliticalScience_h_SamkalinVishwaRajniti1.pdf: Unable to get page count. Is poppler installed and in PATH?
Error processing 8_SocialScience_h_Ateet8.pdf: Unable to get page count. Is poppler installed and in PATH?
Error processing 6_Science_h_Jigyasa3.pdf: Unable to get page count. Is poppler installed and in PATH?
Error processing 9_SocialScience_h_SamkalinBharat4.pdf: Unable to get page count. Is poppler installed and in PATH?
Error processing 12_PoliticalScience_h_SwatantraBharatRajniti5.pdf: Unable to get page count. Is poppler installed and in PATH?
Error processing 8_Science_h_Vigyan5.pdf: Unable to get page count. Is poppler installed and in PATH?
Error processing 8_SocialScience_h_SansadhanVikas2.pdf: Unable to get page count. Is poppler installed and in PATH?
Error processing 11_PoliticalScience_h_Sambhidan9.pdf: Unable to get page count. Is poppler installed and in PATH?
Error processing 12_Geography_h_Prayogatmak4.pdf: Unable to get page count. Is poppler installed and in PATH?
Error processing 8_SocialScience_h_Ateet2.pdf: Unable to get page count. Is poppler installed and in PATH?
Error processing 7_Science_h_Vigyan1.pdf: Unable to get page count. Is poppler installed and in PATH?
Error processing 12_PoliticalScience_h_SwatantraBharatRajniti1.pdf: Unable to get page count. Is poppler installed and in PATH?
Error processing 12_Economics_h_Samshty4.pdf: Unable to get page count. Is poppler installed and in PATH?
Error processing 8_SocialScience_h_SansadhanVikas3.pdf: Unable to get page count. Is poppler installed and in PATH?
Error processing 7_Science_h_Vigyan4.pdf: Unable to get page count. Is poppler installed and in PATH?
Error processing 12_Geography_h_BharatLogArtvyastha1.pdf: Unable to get page count. Is poppler installed and in PATH?
Error processing 7_Science_h_Vigyan13.pdf: Unable to get page count. Is poppler installed and in PATH?
Error processing 12_Economics_h_Vyashti4.pdf: Unable to get page count. Is poppler installed and in PATH?
Error processing 12_Geography_h_ManavBhugolSidhant8.pdf: Unable to get page count. Is poppler installed and in PATH?
Error processing 10_SocialScience_h_SamkalinBharat5.pdf: Unable to get page count. Is poppler installed and in PATH?
Error processing 8_SocialScience_h_SamajikRajneetiJeevan5.pdf: Unable to get page count. Is poppler installed and in PATH?
Error processing 11_History_h_VishwaItihaasVishay1.pdf: Unable to get page count. Is poppler installed and in PATH?
Error processing 7_SocialScience_h_Paryavaran3.pdf: Unable to get page count. Is poppler installed and in PATH?
Error processing 6_Science_h_Jigyasa6.pdf: Unable to get page count. Is poppler installed and in PATH?
Error processing 11_Geography_h_BharatBhautikParyabaran6.pdf: Unable to get page count. Is poppler installed and in PATH?
Error processing 7_SocialScience_h_Paryavaran2.pdf: Unable to get page count. Is poppler installed and in PATH?
Error processing 7_SocialScience_h_SamajikRajneetiJeevan1.pdf: Unable to get page count. Is poppler installed and in PATH?
Error processing 12_FineArt_h_BhartiyaKala parichay3.pdf: Unable to get page count. Is poppler installed and in PATH?
Error processing 9_Science_h_Vigyan8.pdf: Unable to get page count. Is poppler installed and in PATH?
Error processing 6_SocialScience_h_14.pdf: Unable to get page count. Is poppler installed and in PATH?
Error processing 7_SocialScience_h_Ateet1.pdf: Unable to get page count. Is poppler installed and in PATH?
Error processing 6_SocialScience_h_9.pdf: Unable to get page count. Is poppler installed and in PATH?
Error processing 12_Geography_h_ManavBhugolSidhant7.pdf: Unable to get page count. Is poppler installed and in PATH?
Error processing 12_Economics_h_Vyashti2.pdf: Unable to get page count. Is poppler installed and in PATH?
Error processing 12_PoliticalScience_h_SamkalinVishwaRajniti4.pdf: Unable to get page count. Is poppler installed and in PATH?
Error processing 12_Geography_h_BharatLogArtvyastha2.pdf: Unable to get page count. Is poppler installed and in PATH?
Error processing 8_SocialScience_h_SamajikRajneetiJeevan4.pdf: Unable to get page count. Is poppler installed and in PATH?
Error processing 12_Economics_h_Vyashti5.pdf: Unable to get page count. Is poppler installed and in PATH?
Error processing 8_Science_h_Vigyan13.pdf: Unable to get page count. Is poppler installed and in PATH?
Error processing 11_Geography_h_BhautiqueBhugolMoolSidhant9.pdf: Unable to get page count. Is poppler installed and in PATH?
Error processing 9_SocialScience_h_SamkalinBharat3.pdf: Unable to get page count. Is poppler installed and in PATH?
Error processing 9_SocialScience_h_BharatSamkalinVishwa1.pdf: Unable to get page count. Is poppler installed and in PATH?
Error processing 11_Sociology_h_SamajParichay4.pdf: Unable to get page count. Is poppler installed and in PATH?
Error processing 7_SocialScience_e_Environment3.pdf: Invalid Elementary Object starting with b'\x90' @2141671: b'B<\x00\x00RD\x00\x00EI\x00\x00OV\x00\x00p\xb3\x00\t\x90\xd2\x00\r\x9e\xe9\x00\r\x94\xf5\x00\r\x8d\xfc\x00\x11\xa6\xf0\x00\x0b\x90\xeb\x00\x00t\xf0\x00\x00\x8d\xd6\x00\x00\x88\xe6\x00\x00u\xe0\x00\x00}\xe0\x00\x02\x8f\xe9\x00\x00}\xf1\x00\x00\x88\xe2\x00\x02~\xe8\x00\x04'
Error processing 11_Economics_h_BhartiyaArthvyasthaVikas8.pdf: Unable to get page count. Is poppler installed and in PATH?
Error processing 8_SocialScience_h_SansadhanVikas5.pdf: Unable to get page count. Is poppler installed and in PATH?
Error processing 7_SocialScience_h_Paryavaran1.pdf: Unable to get page count. Is poppler installed and in PATH?
Error processing 6_Science_h_Jigyasa4.pdf: Unable to get page count. Is poppler installed and in PATH?
Error processing 8_Science_h_Vigyan12.pdf: Unable to get page count. Is poppler installed and in PATH?
Error processing 12_Sociology_h_BharatSamajikParivartanVikas2.pdf: Unable to get page count. Is poppler installed and in PATH?
Error processing 11_Geography_h_BharatBhautikParyabaran4.pdf: Unable to get page count. Is poppler installed and in PATH?
Error processing 12_Sociology_h_BhartiyaSamaj4.pdf: Unable to get page count. Is poppler installed and in PATH?
Error processing 11_History_h_VishwaItihaasVishay5.pdf: Unable to get page count. Is poppler installed and in PATH?
Error processing 7_SocialScience_h_SamajikRajneetiJeevan6.pdf: Unable to get page count. Is poppler installed and in PATH?
Error processing 7_SocialScience_h_Paryavaran6.pdf: Unable to get page count. Is poppler installed and in PATH?
Error processing 12_Geography_h_Prayogatmak3.pdf: Unable to get page count. Is poppler installed and in PATH?
Error processing 11_FineArt_h_BhartiyaKala parichay1.pdf: Unable to get page count. Is poppler installed and in PATH?
Error processing 10_SocialScience_h_Arthashastra1.pdf: Unable to get page count. Is poppler installed and in PATH?
Error processing 11_FineArt_h_BhartiyaKala parichay7.pdf: Unable to get page count. Is poppler installed and in PATH?
Error processing 6_Science_h_Jigyasa12.pdf: Unable to get page count. Is poppler installed and in PATH?
Error processing 11_Economics_h_BhartiyaArthvyasthaVikas6.pdf: Unable to get page count. Is poppler installed and in PATH?
Error processing 10_SocialScience_h_LoktantrikRajneeti3.pdf: Unable to get page count. Is poppler installed and in PATH?
Error processing 8_SocialScience_h_Ateet5.pdf: Unable to get page count. Is poppler installed and in PATH?
Error processing 7_SocialScience_e_Environment1.pdf: invalid literal for int() with base 16: b'6@'
Error processing 9_SocialScience_h_SamkalinBharat6.pdf: Unable to get page count. Is poppler installed and in PATH?
Error processing 9_SocialScience_h_Arthashastra2.pdf: Unable to get page count. Is poppler installed and in PATH?
Error processing 9_SocialScience_h_BharatSamkalinVishwa3.pdf: Unable to get page count. Is poppler installed and in PATH?
Error processing 11_Economics_h_Sankhyiki2.pdf: Unable to get page count. Is poppler installed and in PATH?
Error processing 12_Economics_h_Samshty5.pdf: Unable to get page count. Is poppler installed and in PATH?
Error processing 12_Geography_h_Prayogatmak2.pdf: Unable to get page count. Is poppler installed and in PATH?
Error processing 7_SocialScience_h_SamajikRajneetiJeevan5.pdf: Unable to get page count. Is poppler installed and in PATH?
Error processing 9_SocialScience_h_Arthashastra3.pdf: Unable to get page count. Is poppler installed and in PATH?
Error processing 10_SocialScience_h_BharatSamkalinVishwa1.pdf: Unable to get page count. Is poppler installed and in PATH?
Error processing 12_Geography_h_BharatLogArtvyastha8.pdf: Unable to get page count. Is poppler installed and in PATH?
Error processing 10_Science_h_Vigyan6.pdf: Unable to get page count. Is poppler installed and in PATH?
Error processing 11_Geography_h_BhautiqueBhugolMoolSidhant2.pdf: Unable to get page count. Is poppler installed and in PATH?
Error processing 9_SocialScience_h_LoktantrikRajneeti4.pdf: Unable to get page count. Is poppler installed and in PATH?
Error processing 7_SocialScience_h_SamajikRajneetiJeevan8.pdf: Unable to get page count. Is poppler installed and in PATH?
Error processing 10_SocialScience_h_LoktantrikRajneeti2.pdf: Unable to get page count. Is poppler installed and in PATH?
Error processing 12_Geography_h_BharatLogArtvyastha7.pdf: Unable to get page count. Is poppler installed and in PATH?
Error processing 12_History_h_BhartiyaItihaasVishay23.pdf: Unable to get page count. Is poppler installed and in PATH?
Error processing 9_SocialScience_h_LoktantrikRajneeti2.pdf: Unable to get page count. Is poppler installed and in PATH?

Error processing 7_Science_h_Vigyan10.pdf: Unable to get page count. Is poppler installed and in PATH?

Text extraction completed.
Resuming extraction. 26 PDFs already processed. 649 PDFs remaining.
