Requirement already satisfied: sentencepiece==0.2.0 in /usr/local/lib/python3.11/dist-packages (from -r tokenize_requirements.txt (line 1)) (0.2.0)
Requirement already satisfied: datasets==3.3.1 in /usr/local/lib/python3.11/dist-packages (from -r tokenize_requirements.txt (line 2)) (3.3.1)
Requirement already satisfied: filelock in /usr/local/lib/python3.11/dist-packages (from datasets==3.3.1->-r tokenize_requirements.txt (line 2)) (3.18.0)
Requirement already satisfied: numpy>=1.17 in /usr/local/lib/python3.11/dist-packages (from datasets==3.3.1->-r tokenize_requirements.txt (line 2)) (2.0.2)
Requirement already satisfied: pyarrow>=15.0.0 in /usr/local/lib/python3.11/dist-packages (from datasets==3.3.1->-r tokenize_requirements.txt (line 2)) (18.1.0)
Requirement already satisfied: dill<0.3.9,>=0.3.0 in /usr/local/lib/python3.11/dist-packages (from datasets==3.3.1->-r tokenize_requirements.txt (line 2)) (0.3.8)
Requirement already satisfied: pandas in /usr/local/lib/python3.11/dist-packages (from datasets==3.3.1->-r tokenize_requirements.txt (line 2)) (2.2.2)
Requirement already satisfied: requests>=2.32.2 in /usr/local/lib/python3.11/dist-packages (from datasets==3.3.1->-r tokenize_requirements.txt (line 2)) (2.32.3)
Requirement already satisfied: tqdm>=4.66.3 in /usr/local/lib/python3.11/dist-packages (from datasets==3.3.1->-r tokenize_requirements.txt (line 2)) (4.67.1)
Requirement already satisfied: xxhash in /usr/local/lib/python3.11/dist-packages (from datasets==3.3.1->-r tokenize_requirements.txt (line 2)) (3.5.0)
Requirement already satisfied: multiprocess<0.70.17 in /usr/local/lib/python3.11/dist-packages (from datasets==3.3.1->-r tokenize_requirements.txt (line 2)) (0.70.16)
Requirement already satisfied: fsspec<=2024.12.0,>=2023.1.0 in /usr/local/lib/python3.11/dist-packages (from fsspec[http]<=2024.12.0,>=2023.1.0->datasets==3.3.1->-r tokenize_requirements.txt (line 2)) (2024.12.0)
Requirement already satisfied: aiohttp in /usr/local/lib/python3.11/dist-packages (from datasets==3.3.1->-r tokenize_requirements.txt (line 2)) (3.11.15)
Requirement already satisfied: huggingface-hub>=0.24.0 in /usr/local/lib/python3.11/dist-packages (from datasets==3.3.1->-r tokenize_requirements.txt (line 2)) (0.30.2)
Requirement already satisfied: packaging in /usr/local/lib/python3.11/dist-packages (from datasets==3.3.1->-r tokenize_requirements.txt (line 2)) (24.2)
Requirement already satisfied: pyyaml>=5.1 in /usr/local/lib/python3.11/dist-packages (from datasets==3.3.1->-r tokenize_requirements.txt (line 2)) (6.0.2)
Requirement already satisfied: aiohappyeyeballs>=2.3.0 in /usr/local/lib/python3.11/dist-packages (from aiohttp->datasets==3.3.1->-r tokenize_requirements.txt (line 2)) (2.6.1)
Requirement already satisfied: aiosignal>=1.1.2 in /usr/local/lib/python3.11/dist-packages (from aiohttp->datasets==3.3.1->-r tokenize_requirements.txt (line 2)) (1.3.2)
Requirement already satisfied: attrs>=17.3.0 in /usr/local/lib/python3.11/dist-packages (from aiohttp->datasets==3.3.1->-r tokenize_requirements.txt (line 2)) (25.3.0)
Requirement already satisfied: frozenlist>=1.1.1 in /usr/local/lib/python3.11/dist-packages (from aiohttp->datasets==3.3.1->-r tokenize_requirements.txt (line 2)) (1.6.0)
Requirement already satisfied: multidict<7.0,>=4.5 in /usr/local/lib/python3.11/dist-packages (from aiohttp->datasets==3.3.1->-r tokenize_requirements.txt (line 2)) (6.4.3)
Requirement already satisfied: propcache>=0.2.0 in /usr/local/lib/python3.11/dist-packages (from aiohttp->datasets==3.3.1->-r tokenize_requirements.txt (line 2)) (0.3.1)
Requirement already satisfied: yarl<2.0,>=1.17.0 in /usr/local/lib/python3.11/dist-packages (from aiohttp->datasets==3.3.1->-r tokenize_requirements.txt (line 2)) (1.20.0)
Requirement already satisfied: typing-extensions>=3.7.4.3 in /usr/local/lib/python3.11/dist-packages (from huggingface-hub>=0.24.0->datasets==3.3.1->-r tokenize_requirements.txt (line 2)) (4.13.2)
Requirement already satisfied: charset-normalizer<4,>=2 in /usr/local/lib/python3.11/dist-packages (from requests>=2.32.2->datasets==3.3.1->-r tokenize_requirements.txt (line 2)) (3.4.1)
Requirement already satisfied: idna<4,>=2.5 in /usr/local/lib/python3.11/dist-packages (from requests>=2.32.2->datasets==3.3.1->-r tokenize_requirements.txt (line 2)) (3.10)
Requirement already satisfied: urllib3<3,>=1.21.1 in /usr/local/lib/python3.11/dist-packages (from requests>=2.32.2->datasets==3.3.1->-r tokenize_requirements.txt (line 2)) (2.4.0)
Requirement already satisfied: certifi>=2017.4.17 in /usr/local/lib/python3.11/dist-packages (from requests>=2.32.2->datasets==3.3.1->-r tokenize_requirements.txt (line 2)) (2025.1.31)
Requirement already satisfied: python-dateutil>=2.8.2 in /usr/local/lib/python3.11/dist-packages (from pandas->datasets==3.3.1->-r tokenize_requirements.txt (line 2)) (2.9.0.post0)
Requirement already satisfied: pytz>=2020.1 in /usr/local/lib/python3.11/dist-packages (from pandas->datasets==3.3.1->-r tokenize_requirements.txt (line 2)) (2025.2)
Requirement already satisfied: tzdata>=2022.7 in /usr/local/lib/python3.11/dist-packages (from pandas->datasets==3.3.1->-r tokenize_requirements.txt (line 2)) (2025.2)
Requirement already satisfied: six>=1.5 in /usr/local/lib/python3.11/dist-packages (from python-dateutil>=2.8.2->pandas->datasets==3.3.1->-r tokenize_requirements.txt (line 2)) (1.17.0)
