Requirement already satisfied: datasets in /usr/local/lib/python3.10/dist-packages (from -r data_gen_requirements.txt (line 1)) (3.3.1)
Requirement already satisfied: transformers in /usr/local/lib/python3.10/dist-packages (from -r data_gen_requirements.txt (line 2)) (4.47.0)
Requirement already satisfied: tqdm in /usr/local/lib/python3.10/dist-packages (from -r data_gen_requirements.txt (line 3)) (4.67.1)
Requirement already satisfied: torch in /usr/local/lib/python3.10/dist-packages (from -r data_gen_requirements.txt (line 4)) (2.5.1+cu121)
Collecting bitsandbytes (from -r data_gen_requirements.txt (line 5))
  Downloading bitsandbytes-0.45.5-py3-none-manylinux_2_24_x86_64.whl.metadata (5.0 kB)
Requirement already satisfied: accelerate in /usr/local/lib/python3.10/dist-packages (from -r data_gen_requirements.txt (line 6)) (1.2.1)
Requirement already satisfied: filelock in /usr/local/lib/python3.10/dist-packages (from datasets->-r data_gen_requirements.txt (line 1)) (3.17.0)
Requirement already satisfied: numpy>=1.17 in /usr/local/lib/python3.10/dist-packages (from datasets->-r data_gen_requirements.txt (line 1)) (1.26.4)
Requirement already satisfied: pyarrow>=15.0.0 in /usr/local/lib/python3.10/dist-packages (from datasets->-r data_gen_requirements.txt (line 1)) (19.0.1)
Requirement already satisfied: dill<0.3.9,>=0.3.0 in /usr/local/lib/python3.10/dist-packages (from datasets->-r data_gen_requirements.txt (line 1)) (0.3.8)
Requirement already satisfied: pandas in /usr/local/lib/python3.10/dist-packages (from datasets->-r data_gen_requirements.txt (line 1)) (2.2.3)
Requirement already satisfied: requests>=2.32.2 in /usr/local/lib/python3.10/dist-packages (from datasets->-r data_gen_requirements.txt (line 1)) (2.32.3)
Requirement already satisfied: xxhash in /usr/local/lib/python3.10/dist-packages (from datasets->-r data_gen_requirements.txt (line 1)) (3.5.0)
Requirement already satisfied: multiprocess<0.70.17 in /usr/local/lib/python3.10/dist-packages (from datasets->-r data_gen_requirements.txt (line 1)) (0.70.16)
Requirement already satisfied: fsspec<=2024.12.0,>=2023.1.0 in /usr/local/lib/python3.10/dist-packages (from fsspec[http]<=2024.12.0,>=2023.1.0->datasets->-r data_gen_requirements.txt (line 1)) (2024.12.0)
Requirement already satisfied: aiohttp in /usr/local/lib/python3.10/dist-packages (from datasets->-r data_gen_requirements.txt (line 1)) (3.11.12)
Requirement already satisfied: huggingface-hub>=0.24.0 in /usr/local/lib/python3.10/dist-packages (from datasets->-r data_gen_requirements.txt (line 1)) (0.29.0)
Requirement already satisfied: packaging in /usr/local/lib/python3.10/dist-packages (from datasets->-r data_gen_requirements.txt (line 1)) (24.2)
Requirement already satisfied: pyyaml>=5.1 in /usr/local/lib/python3.10/dist-packages (from datasets->-r data_gen_requirements.txt (line 1)) (6.0.2)
Requirement already satisfied: regex!=2019.12.17 in /usr/local/lib/python3.10/dist-packages (from transformers->-r data_gen_requirements.txt (line 2)) (2024.11.6)
Requirement already satisfied: tokenizers<0.22,>=0.21 in /usr/local/lib/python3.10/dist-packages (from transformers->-r data_gen_requirements.txt (line 2)) (0.21.0)
Requirement already satisfied: safetensors>=0.4.1 in /usr/local/lib/python3.10/dist-packages (from transformers->-r data_gen_requirements.txt (line 2)) (0.4.5)
Requirement already satisfied: typing-extensions>=4.8.0 in /usr/local/lib/python3.10/dist-packages (from torch->-r data_gen_requirements.txt (line 4)) (4.12.2)
Requirement already satisfied: networkx in /usr/local/lib/python3.10/dist-packages (from torch->-r data_gen_requirements.txt (line 4)) (3.4.2)
Requirement already satisfied: jinja2 in /usr/local/lib/python3.10/dist-packages (from torch->-r data_gen_requirements.txt (line 4)) (3.1.4)
Requirement already satisfied: sympy==1.13.1 in /usr/local/lib/python3.10/dist-packages (from torch->-r data_gen_requirements.txt (line 4)) (1.13.1)
Requirement already satisfied: mpmath<1.4,>=1.1.0 in /usr/local/lib/python3.10/dist-packages (from sympy==1.13.1->torch->-r data_gen_requirements.txt (line 4)) (1.3.0)
Requirement already satisfied: psutil in /usr/local/lib/python3.10/dist-packages (from accelerate->-r data_gen_requirements.txt (line 6)) (5.9.5)
Requirement already satisfied: aiohappyeyeballs>=2.3.0 in /usr/local/lib/python3.10/dist-packages (from aiohttp->datasets->-r data_gen_requirements.txt (line 1)) (2.4.6)
Requirement already satisfied: aiosignal>=1.1.2 in /usr/local/lib/python3.10/dist-packages (from aiohttp->datasets->-r data_gen_requirements.txt (line 1)) (1.3.2)
Requirement already satisfied: async-timeout<6.0,>=4.0 in /usr/local/lib/python3.10/dist-packages (from aiohttp->datasets->-r data_gen_requirements.txt (line 1)) (5.0.1)
Requirement already satisfied: attrs>=17.3.0 in /usr/local/lib/python3.10/dist-packages (from aiohttp->datasets->-r data_gen_requirements.txt (line 1)) (25.1.0)
Requirement already satisfied: frozenlist>=1.1.1 in /usr/local/lib/python3.10/dist-packages (from aiohttp->datasets->-r data_gen_requirements.txt (line 1)) (1.5.0)
Requirement already satisfied: multidict<7.0,>=4.5 in /usr/local/lib/python3.10/dist-packages (from aiohttp->datasets->-r data_gen_requirements.txt (line 1)) (6.1.0)
Requirement already satisfied: propcache>=0.2.0 in /usr/local/lib/python3.10/dist-packages (from aiohttp->datasets->-r data_gen_requirements.txt (line 1)) (0.2.1)
Requirement already satisfied: yarl<2.0,>=1.17.0 in /usr/local/lib/python3.10/dist-packages (from aiohttp->datasets->-r data_gen_requirements.txt (line 1)) (1.18.3)
Requirement already satisfied: mkl_fft in /usr/local/lib/python3.10/dist-packages (from numpy>=1.17->datasets->-r data_gen_requirements.txt (line 1)) (1.3.8)
Requirement already satisfied: mkl_random in /usr/local/lib/python3.10/dist-packages (from numpy>=1.17->datasets->-r data_gen_requirements.txt (line 1)) (1.2.4)
Requirement already satisfied: mkl_umath in /usr/local/lib/python3.10/dist-packages (from numpy>=1.17->datasets->-r data_gen_requirements.txt (line 1)) (0.1.1)
Requirement already satisfied: mkl in /usr/local/lib/python3.10/dist-packages (from numpy>=1.17->datasets->-r data_gen_requirements.txt (line 1)) (2025.0.1)
Requirement already satisfied: tbb4py in /usr/local/lib/python3.10/dist-packages (from numpy>=1.17->datasets->-r data_gen_requirements.txt (line 1)) (2022.0.0)
Requirement already satisfied: mkl-service in /usr/local/lib/python3.10/dist-packages (from numpy>=1.17->datasets->-r data_gen_requirements.txt (line 1)) (2.4.1)
Requirement already satisfied: charset-normalizer<4,>=2 in /usr/local/lib/python3.10/dist-packages (from requests>=2.32.2->datasets->-r data_gen_requirements.txt (line 1)) (3.4.1)
Requirement already satisfied: idna<4,>=2.5 in /usr/local/lib/python3.10/dist-packages (from requests>=2.32.2->datasets->-r data_gen_requirements.txt (line 1)) (3.10)
Requirement already satisfied: urllib3<3,>=1.21.1 in /usr/local/lib/python3.10/dist-packages (from requests>=2.32.2->datasets->-r data_gen_requirements.txt (line 1)) (2.3.0)
Requirement already satisfied: certifi>=2017.4.17 in /usr/local/lib/python3.10/dist-packages (from requests>=2.32.2->datasets->-r data_gen_requirements.txt (line 1)) (2025.1.31)
Requirement already satisfied: MarkupSafe>=2.0 in /usr/local/lib/python3.10/dist-packages (from jinja2->torch->-r data_gen_requirements.txt (line 4)) (3.0.2)
Requirement already satisfied: python-dateutil>=2.8.2 in /usr/local/lib/python3.10/dist-packages (from pandas->datasets->-r data_gen_requirements.txt (line 1)) (2.9.0.post0)
Requirement already satisfied: pytz>=2020.1 in /usr/local/lib/python3.10/dist-packages (from pandas->datasets->-r data_gen_requirements.txt (line 1)) (2025.1)
Requirement already satisfied: tzdata>=2022.7 in /usr/local/lib/python3.10/dist-packages (from pandas->datasets->-r data_gen_requirements.txt (line 1)) (2025.1)
Requirement already satisfied: six>=1.5 in /usr/local/lib/python3.10/dist-packages (from python-dateutil>=2.8.2->pandas->datasets->-r data_gen_requirements.txt (line 1)) (1.17.0)
Requirement already satisfied: intel-openmp>=2024 in /usr/local/lib/python3.10/dist-packages (from mkl->numpy>=1.17->datasets->-r data_gen_requirements.txt (line 1)) (2024.2.0)
Requirement already satisfied: tbb==2022.* in /usr/local/lib/python3.10/dist-packages (from mkl->numpy>=1.17->datasets->-r data_gen_requirements.txt (line 1)) (2022.0.0)
Requirement already satisfied: tcmlib==1.* in /usr/local/lib/python3.10/dist-packages (from tbb==2022.*->mkl->numpy>=1.17->datasets->-r data_gen_requirements.txt (line 1)) (1.2.0)
Requirement already satisfied: intel-cmplr-lib-rt in /usr/local/lib/python3.10/dist-packages (from mkl_umath->numpy>=1.17->datasets->-r data_gen_requirements.txt (line 1)) (2024.2.0)
Requirement already satisfied: intel-cmplr-lib-ur==2024.2.0 in /usr/local/lib/python3.10/dist-packages (from intel-openmp>=2024->mkl->numpy>=1.17->datasets->-r data_gen_requirements.txt (line 1)) (2024.2.0)
Downloading bitsandbytes-0.45.5-py3-none-manylinux_2_24_x86_64.whl (76.1 MB)
                                            0.2/76.1 MB 5.5 MB/s eta 0:00:14
ERROR: THESE PACKAGES DO NOT MATCH THE HASHES FROM THE REQUIREMENTS FILE. If you have updated the package versions, please update the hashes. Otherwise, examine the package contents carefully; someone may have tampered with them.
    unknown package:
        Expected sha256 a5453f30cc6aab6ccaac364e6bf51a7808d3da5f71763dffeb6d9694c59136e4
             Got        e59e4819e38c41d848eab0eda72219936365130174bc1c320ff82b5e91ec473f

Collecting bitsandbytes
  Using cached bitsandbytes-0.45.5-py3-none-manylinux_2_24_x86_64.whl.metadata (5.0 kB)
Requirement already satisfied: torch<3,>=2.0 in /usr/local/lib/python3.10/dist-packages (from bitsandbytes) (2.5.1+cu121)
Requirement already satisfied: numpy>=1.17 in /usr/local/lib/python3.10/dist-packages (from bitsandbytes) (1.26.4)
Requirement already satisfied: mkl_fft in /usr/local/lib/python3.10/dist-packages (from numpy>=1.17->bitsandbytes) (1.3.8)
Requirement already satisfied: mkl_random in /usr/local/lib/python3.10/dist-packages (from numpy>=1.17->bitsandbytes) (1.2.4)
Requirement already satisfied: mkl_umath in /usr/local/lib/python3.10/dist-packages (from numpy>=1.17->bitsandbytes) (0.1.1)
Requirement already satisfied: mkl in /usr/local/lib/python3.10/dist-packages (from numpy>=1.17->bitsandbytes) (2025.0.1)
Requirement already satisfied: tbb4py in /usr/local/lib/python3.10/dist-packages (from numpy>=1.17->bitsandbytes) (2022.0.0)
Requirement already satisfied: mkl-service in /usr/local/lib/python3.10/dist-packages (from numpy>=1.17->bitsandbytes) (2.4.1)
Requirement already satisfied: filelock in /usr/local/lib/python3.10/dist-packages (from torch<3,>=2.0->bitsandbytes) (3.17.0)
Requirement already satisfied: typing-extensions>=4.8.0 in /usr/local/lib/python3.10/dist-packages (from torch<3,>=2.0->bitsandbytes) (4.12.2)
Requirement already satisfied: networkx in /usr/local/lib/python3.10/dist-packages (from torch<3,>=2.0->bitsandbytes) (3.4.2)
Requirement already satisfied: jinja2 in /usr/local/lib/python3.10/dist-packages (from torch<3,>=2.0->bitsandbytes) (3.1.4)
Requirement already satisfied: fsspec in /usr/local/lib/python3.10/dist-packages (from torch<3,>=2.0->bitsandbytes) (2024.12.0)
Requirement already satisfied: sympy==1.13.1 in /usr/local/lib/python3.10/dist-packages (from torch<3,>=2.0->bitsandbytes) (1.13.1)
Requirement already satisfied: mpmath<1.4,>=1.1.0 in /usr/local/lib/python3.10/dist-packages (from sympy==1.13.1->torch<3,>=2.0->bitsandbytes) (1.3.0)
Requirement already satisfied: MarkupSafe>=2.0 in /usr/local/lib/python3.10/dist-packages (from jinja2->torch<3,>=2.0->bitsandbytes) (3.0.2)
Requirement already satisfied: intel-openmp>=2024 in /usr/local/lib/python3.10/dist-packages (from mkl->numpy>=1.17->bitsandbytes) (2024.2.0)
Requirement already satisfied: tbb==2022.* in /usr/local/lib/python3.10/dist-packages (from mkl->numpy>=1.17->bitsandbytes) (2022.0.0)
Requirement already satisfied: tcmlib==1.* in /usr/local/lib/python3.10/dist-packages (from tbb==2022.*->mkl->numpy>=1.17->bitsandbytes) (1.2.0)
Requirement already satisfied: intel-cmplr-lib-rt in /usr/local/lib/python3.10/dist-packages (from mkl_umath->numpy>=1.17->bitsandbytes) (2024.2.0)
Requirement already satisfied: intel-cmplr-lib-ur==2024.2.0 in /usr/local/lib/python3.10/dist-packages (from intel-openmp>=2024->mkl->numpy>=1.17->bitsandbytes) (2024.2.0)
Downloading bitsandbytes-0.45.5-py3-none-manylinux_2_24_x86_64.whl (76.1 MB)
   ━━━━━━━━━━━━━━━━━━━━━━━━━━━━━━━━━━━━━━━━ 76.1/76.1 MB 22.9 MB/s eta 0:00:00
Installing collected packages: bitsandbytes
Successfully installed bitsandbytes-0.45.5
