Requirement already satisfied: tensorflow==2.18.0 in /usr/local/lib/python3.11/dist-packages (from -r train_requirements.txt (line 1)) (2.18.0)
Requirement already satisfied: sentencepiece==0.2.0 in /usr/local/lib/python3.11/dist-packages (from -r train_requirements.txt (line 2)) (0.2.0)
Requirement already satisfied: numpy==1.26.4 in /usr/local/lib/python3.11/dist-packages (from -r train_requirements.txt (line 3)) (1.26.4)
Requirement already satisfied: absl-py>=1.0.0 in /usr/local/lib/python3.11/dist-packages (from tensorflow==2.18.0->-r train_requirements.txt (line 1)) (1.4.0)
Requirement already satisfied: astunparse>=1.6.0 in /usr/local/lib/python3.11/dist-packages (from tensorflow==2.18.0->-r train_requirements.txt (line 1)) (1.6.3)
Requirement already satisfied: flatbuffers>=24.3.25 in /usr/local/lib/python3.11/dist-packages (from tensorflow==2.18.0->-r train_requirements.txt (line 1)) (25.2.10)
Requirement already satisfied: gast!=0.5.0,!=0.5.1,!=0.5.2,>=0.2.1 in /usr/local/lib/python3.11/dist-packages (from tensorflow==2.18.0->-r train_requirements.txt (line 1)) (0.6.0)
Requirement already satisfied: google-pasta>=0.1.1 in /usr/local/lib/python3.11/dist-packages (from tensorflow==2.18.0->-r train_requirements.txt (line 1)) (0.2.0)
Requirement already satisfied: libclang>=13.0.0 in /usr/local/lib/python3.11/dist-packages (from tensorflow==2.18.0->-r train_requirements.txt (line 1)) (18.1.1)
Requirement already satisfied: opt-einsum>=2.3.2 in /usr/local/lib/python3.11/dist-packages (from tensorflow==2.18.0->-r train_requirements.txt (line 1)) (3.4.0)
Requirement already satisfied: packaging in /usr/local/lib/python3.11/dist-packages (from tensorflow==2.18.0->-r train_requirements.txt (line 1)) (24.2)
Requirement already satisfied: protobuf!=4.21.0,!=4.21.1,!=4.21.2,!=4.21.3,!=4.21.4,!=4.21.5,<6.0.0dev,>=3.20.3 in /usr/local/lib/python3.11/dist-packages (from tensorflow==2.18.0->-r train_requirements.txt (line 1)) (3.20.3)
Requirement already satisfied: requests<3,>=2.21.0 in /usr/local/lib/python3.11/dist-packages (from tensorflow==2.18.0->-r train_requirements.txt (line 1)) (2.32.3)
Requirement already satisfied: setuptools in /usr/local/lib/python3.11/dist-packages (from tensorflow==2.18.0->-r train_requirements.txt (line 1)) (75.1.0)
Requirement already satisfied: six>=1.12.0 in /usr/local/lib/python3.11/dist-packages (from tensorflow==2.18.0->-r train_requirements.txt (line 1)) (1.17.0)
Requirement already satisfied: termcolor>=1.1.0 in /usr/local/lib/python3.11/dist-packages (from tensorflow==2.18.0->-r train_requirements.txt (line 1)) (2.5.0)
Requirement already satisfied: typing-extensions>=3.6.6 in /usr/local/lib/python3.11/dist-packages (from tensorflow==2.18.0->-r train_requirements.txt (line 1)) (4.13.1)
Requirement already satisfied: wrapt>=1.11.0 in /usr/local/lib/python3.11/dist-packages (from tensorflow==2.18.0->-r train_requirements.txt (line 1)) (1.17.2)
Requirement already satisfied: grpcio<2.0,>=1.24.3 in /usr/local/lib/python3.11/dist-packages (from tensorflow==2.18.0->-r train_requirements.txt (line 1)) (1.70.0)
Requirement already satisfied: tensorboard<2.19,>=2.18 in /usr/local/lib/python3.11/dist-packages (from tensorflow==2.18.0->-r train_requirements.txt (line 1)) (2.18.0)
Requirement already satisfied: keras>=3.5.0 in /usr/local/lib/python3.11/dist-packages (from tensorflow==2.18.0->-r train_requirements.txt (line 1)) (3.5.0)
Requirement already satisfied: h5py>=3.11.0 in /usr/local/lib/python3.11/dist-packages (from tensorflow==2.18.0->-r train_requirements.txt (line 1)) (3.12.1)
Requirement already satisfied: ml-dtypes<0.5.0,>=0.4.0 in /usr/local/lib/python3.11/dist-packages (from tensorflow==2.18.0->-r train_requirements.txt (line 1)) (0.4.1)
Requirement already satisfied: tensorflow-io-gcs-filesystem>=0.23.1 in /usr/local/lib/python3.11/dist-packages (from tensorflow==2.18.0->-r train_requirements.txt (line 1)) (0.37.1)
Requirement already satisfied: mkl_fft in /usr/local/lib/python3.11/dist-packages (from numpy==1.26.4->-r train_requirements.txt (line 3)) (1.3.8)
Requirement already satisfied: mkl_random in /usr/local/lib/python3.11/dist-packages (from numpy==1.26.4->-r train_requirements.txt (line 3)) (1.2.4)
Requirement already satisfied: mkl_umath in /usr/local/lib/python3.11/dist-packages (from numpy==1.26.4->-r train_requirements.txt (line 3)) (0.1.1)
Requirement already satisfied: mkl in /usr/local/lib/python3.11/dist-packages (from numpy==1.26.4->-r train_requirements.txt (line 3)) (2025.1.0)
Requirement already satisfied: tbb4py in /usr/local/lib/python3.11/dist-packages (from numpy==1.26.4->-r train_requirements.txt (line 3)) (2022.1.0)
Requirement already satisfied: mkl-service in /usr/local/lib/python3.11/dist-packages (from numpy==1.26.4->-r train_requirements.txt (line 3)) (2.4.1)
Requirement already satisfied: wheel<1.0,>=0.23.0 in /usr/local/lib/python3.11/dist-packages (from astunparse>=1.6.0->tensorflow==2.18.0->-r train_requirements.txt (line 1)) (0.45.1)
Requirement already satisfied: rich in /usr/local/lib/python3.11/dist-packages (from keras>=3.5.0->tensorflow==2.18.0->-r train_requirements.txt (line 1)) (14.0.0)
Requirement already satisfied: namex in /usr/local/lib/python3.11/dist-packages (from keras>=3.5.0->tensorflow==2.18.0->-r train_requirements.txt (line 1)) (0.0.8)
Requirement already satisfied: optree in /usr/local/lib/python3.11/dist-packages (from keras>=3.5.0->tensorflow==2.18.0->-r train_requirements.txt (line 1)) (0.14.0)
Requirement already satisfied: charset-normalizer<4,>=2 in /usr/local/lib/python3.11/dist-packages (from requests<3,>=2.21.0->tensorflow==2.18.0->-r train_requirements.txt (line 1)) (3.4.1)
Requirement already satisfied: idna<4,>=2.5 in /usr/local/lib/python3.11/dist-packages (from requests<3,>=2.21.0->tensorflow==2.18.0->-r train_requirements.txt (line 1)) (3.10)
Requirement already satisfied: urllib3<3,>=1.21.1 in /usr/local/lib/python3.11/dist-packages (from requests<3,>=2.21.0->tensorflow==2.18.0->-r train_requirements.txt (line 1)) (2.3.0)
Requirement already satisfied: certifi>=2017.4.17 in /usr/local/lib/python3.11/dist-packages (from requests<3,>=2.21.0->tensorflow==2.18.0->-r train_requirements.txt (line 1)) (2025.1.31)
Requirement already satisfied: markdown>=2.6.8 in /usr/local/lib/python3.11/dist-packages (from tensorboard<2.19,>=2.18->tensorflow==2.18.0->-r train_requirements.txt (line 1)) (3.7)
Requirement already satisfied: tensorboard-data-server<0.8.0,>=0.7.0 in /usr/local/lib/python3.11/dist-packages (from tensorboard<2.19,>=2.18->tensorflow==2.18.0->-r train_requirements.txt (line 1)) (0.7.2)
Requirement already satisfied: werkzeug>=1.0.1 in /usr/local/lib/python3.11/dist-packages (from tensorboard<2.19,>=2.18->tensorflow==2.18.0->-r train_requirements.txt (line 1)) (3.1.3)
Requirement already satisfied: intel-openmp<2026,>=2024 in /usr/local/lib/python3.11/dist-packages (from mkl->numpy==1.26.4->-r train_requirements.txt (line 3)) (2024.2.0)
Requirement already satisfied: tbb==2022.* in /usr/local/lib/python3.11/dist-packages (from mkl->numpy==1.26.4->-r train_requirements.txt (line 3)) (2022.1.0)
Requirement already satisfied: tcmlib==1.* in /usr/local/lib/python3.11/dist-packages (from tbb==2022.*->mkl->numpy==1.26.4->-r train_requirements.txt (line 3)) (1.2.0)
Requirement already satisfied: intel-cmplr-lib-rt in /usr/local/lib/python3.11/dist-packages (from mkl_umath->numpy==1.26.4->-r train_requirements.txt (line 3)) (2024.2.0)
Requirement already satisfied: intel-cmplr-lib-ur==2024.2.0 in /usr/local/lib/python3.11/dist-packages (from intel-openmp<2026,>=2024->mkl->numpy==1.26.4->-r train_requirements.txt (line 3)) (2024.2.0)
Requirement already satisfied: MarkupSafe>=2.1.1 in /usr/local/lib/python3.11/dist-packages (from werkzeug>=1.0.1->tensorboard<2.19,>=2.18->tensorflow==2.18.0->-r train_requirements.txt (line 1)) (3.0.2)
Requirement already satisfied: markdown-it-py>=2.2.0 in /usr/local/lib/python3.11/dist-packages (from rich->keras>=3.5.0->tensorflow==2.18.0->-r train_requirements.txt (line 1)) (3.0.0)
Requirement already satisfied: pygments<3.0.0,>=2.13.0 in /usr/local/lib/python3.11/dist-packages (from rich->keras>=3.5.0->tensorflow==2.18.0->-r train_requirements.txt (line 1)) (2.19.1)
Requirement already satisfied: mdurl~=0.1 in /usr/local/lib/python3.11/dist-packages (from markdown-it-py>=2.2.0->rich->keras>=3.5.0->tensorflow==2.18.0->-r train_requirements.txt (line 1)) (0.1.2)
